Determining if the pthread_create exist failed with the following output:
Change Dir: /home/linlei/workspace/prometheus_cpp/cmake-build-debug/CMakeFiles/CMakeTmp

Run Build Command:"/usr/bin/make" "cmTC_f99be/fast"
/usr/bin/make -f CMakeFiles/cmTC_f99be.dir/build.make CMakeFiles/cmTC_f99be.dir/build
make[1]: Entering directory '/home/linlei/workspace/prometheus_cpp/cmake-build-debug/CMakeFiles/CMakeTmp'
Building C object CMakeFiles/cmTC_f99be.dir/CheckSymbolExists.c.o
/usr/bin/clang-3.8    -o CMakeFiles/cmTC_f99be.dir/CheckSymbolExists.c.o   -c /home/linlei/workspace/prometheus_cpp/cmake-build-debug/CMakeFiles/CMakeTmp/CheckSymbolExists.c
Linking C executable cmTC_f99be
/home/linlei/Downloads/clion-2017.3/bin/cmake/bin/cmake -E cmake_link_script CMakeFiles/cmTC_f99be.dir/link.txt --verbose=1
/usr/bin/clang-3.8      -rdynamic CMakeFiles/cmTC_f99be.dir/CheckSymbolExists.c.o  -o cmTC_f99be 
CMakeFiles/cmTC_f99be.dir/CheckSymbolExists.c.o: In function `main':
/home/linlei/workspace/prometheus_cpp/cmake-build-debug/CMakeFiles/CMakeTmp/CheckSymbolExists.c:(.text+0x19): undefined reference to `pthread_create'
clang: error: linker command failed with exit code 1 (use -v to see invocation)
CMakeFiles/cmTC_f99be.dir/build.make:97: recipe for target 'cmTC_f99be' failed
make[1]: *** [cmTC_f99be] Error 1
make[1]: Leaving directory '/home/linlei/workspace/prometheus_cpp/cmake-build-debug/CMakeFiles/CMakeTmp'
Makefile:126: recipe for target 'cmTC_f99be/fast' failed
make: *** [cmTC_f99be/fast] Error 2

File /home/linlei/workspace/prometheus_cpp/cmake-build-debug/CMakeFiles/CMakeTmp/CheckSymbolExists.c:
/* */
#include <pthread.h>

int main(int argc, char** argv)
{
  (void)argv;
#ifndef pthread_create
  return ((int*)(&pthread_create))[argc];
#else
  (void)argc;
  return 0;
#endif
}

Determining if the function pthread_create exists in the pthreads failed with the following output:
Change Dir: /home/linlei/workspace/prometheus_cpp/cmake-build-debug/CMakeFiles/CMakeTmp

Run Build Command:"/usr/bin/make" "cmTC_b41ff/fast"
/usr/bin/make -f CMakeFiles/cmTC_b41ff.dir/build.make CMakeFiles/cmTC_b41ff.dir/build
make[1]: Entering directory '/home/linlei/workspace/prometheus_cpp/cmake-build-debug/CMakeFiles/CMakeTmp'
Building C object CMakeFiles/cmTC_b41ff.dir/CheckFunctionExists.c.o
/usr/bin/clang-3.8   -DCHECK_FUNCTION_EXISTS=pthread_create   -o CMakeFiles/cmTC_b41ff.dir/CheckFunctionExists.c.o   -c /home/linlei/Downloads/clion-2017.3/bin/cmake/share/cmake-3.9/Modules/CheckFunctionExists.c
Linking C executable cmTC_b41ff
/home/linlei/Downloads/clion-2017.3/bin/cmake/bin/cmake -E cmake_link_script CMakeFiles/cmTC_b41ff.dir/link.txt --verbose=1
/usr/bin/clang-3.8  -DCHECK_FUNCTION_EXISTS=pthread_create    -rdynamic CMakeFiles/cmTC_b41ff.dir/CheckFunctionExists.c.o  -o cmTC_b41ff -lpthreads 
/usr/bin/ld: cannot find -lpthreads
clang: error: linker command failed with exit code 1 (use -v to see invocation)
CMakeFiles/cmTC_b41ff.dir/build.make:97: recipe for target 'cmTC_b41ff' failed
make[1]: *** [cmTC_b41ff] Error 1
make[1]: Leaving directory '/home/linlei/workspace/prometheus_cpp/cmake-build-debug/CMakeFiles/CMakeTmp'
Makefile:126: recipe for target 'cmTC_b41ff/fast' failed
make: *** [cmTC_b41ff/fast] Error 2


